<?xml version="1.0" encoding="UTF-8"?>
<coverage generated="1687238436968" clover="3.2.0">
  <project timestamp="1687238436968" name="All files">
    <metrics statements="20" coveredstatements="20" conditionals="0" coveredconditionals="0" methods="10" coveredmethods="10" elements="30" coveredelements="30" complexity="0" loc="20" ncloc="20" packages="1" files="2" classes="2"/>
    <file name="Queue.js" path="D:\code\cs-at-home\data-structures\Queue.js">
      <metrics statements="10" coveredstatements="10" conditionals="0" coveredconditionals="0" methods="6" coveredmethods="6"/>
      <line num="3" count="5" type="stmt"/>
      <line num="7" count="9" type="stmt"/>
      <line num="11" count="1" type="stmt"/>
      <line num="15" count="1" type="stmt"/>
      <line num="19" count="1" type="stmt"/>
      <line num="23" count="1" type="stmt"/>
      <line num="24" count="1" type="stmt"/>
      <line num="25" count="3" type="stmt"/>
      <line num="28" count="1" type="stmt"/>
      <line num="32" count="1" type="stmt"/>
    </file>
    <file name="Stack.js" path="D:\code\cs-at-home\data-structures\Stack.js">
      <metrics statements="10" coveredstatements="10" conditionals="0" coveredconditionals="0" methods="4" coveredmethods="4"/>
      <line num="3" count="3" type="stmt"/>
      <line num="4" count="3" type="stmt"/>
      <line num="8" count="2" type="stmt"/>
      <line num="12" count="3" type="stmt"/>
      <line num="13" count="3" type="stmt"/>
      <line num="17" count="1" type="stmt"/>
      <line num="18" count="1" type="stmt"/>
      <line num="20" count="1" type="stmt"/>
      <line num="22" count="1" type="stmt"/>
      <line num="26" count="1" type="stmt"/>
    </file>
  </project>
</coverage>
