<?xml version="1.0" encoding="UTF-8"?>
<coverage generated="1687249745988" clover="3.2.0">
  <project timestamp="1687249745988" name="All files">
    <metrics statements="71" coveredstatements="71" conditionals="24" coveredconditionals="24" methods="25" coveredmethods="18" elements="120" coveredelements="113" complexity="0" loc="71" ncloc="71" packages="1" files="4" classes="4"/>
    <file name="Queue.js" path="D:\code\cs-at-home\data-structures\Queue.js">
      <metrics statements="10" coveredstatements="10" conditionals="0" coveredconditionals="0" methods="6" coveredmethods="6"/>
      <line num="3" count="5" type="stmt"/>
      <line num="7" count="9" type="stmt"/>
      <line num="11" count="1" type="stmt"/>
      <line num="15" count="1" type="stmt"/>
      <line num="19" count="1" type="stmt"/>
      <line num="23" count="1" type="stmt"/>
      <line num="24" count="1" type="stmt"/>
      <line num="25" count="3" type="stmt"/>
      <line num="28" count="1" type="stmt"/>
      <line num="32" count="1" type="stmt"/>
    </file>
    <file name="Stack.js" path="D:\code\cs-at-home\data-structures\Stack.js">
      <metrics statements="10" coveredstatements="10" conditionals="0" coveredconditionals="0" methods="4" coveredmethods="4"/>
      <line num="3" count="3" type="stmt"/>
      <line num="4" count="3" type="stmt"/>
      <line num="8" count="2" type="stmt"/>
      <line num="12" count="3" type="stmt"/>
      <line num="13" count="3" type="stmt"/>
      <line num="17" count="1" type="stmt"/>
      <line num="18" count="1" type="stmt"/>
      <line num="20" count="1" type="stmt"/>
      <line num="22" count="1" type="stmt"/>
      <line num="26" count="1" type="stmt"/>
    </file>
    <file name="quickSort.js" path="D:\code\cs-at-home\data-structures\quickSort.js">
      <metrics statements="20" coveredstatements="20" conditionals="6" coveredconditionals="6" methods="12" coveredmethods="5"/>
      <line num="2" count="9" type="cond" truecount="2" falsecount="0"/>
      <line num="3" count="5" type="stmt"/>
      <line num="6" count="4" type="stmt"/>
      <line num="8" count="4" type="stmt"/>
      <line num="9" count="4" type="stmt"/>
      <line num="13" count="4" type="stmt"/>
      <line num="15" count="4" type="stmt"/>
      <line num="17" count="4" type="stmt"/>
      <line num="18" count="11" type="cond" truecount="2" falsecount="0"/>
      <line num="19" count="6" type="stmt"/>
      <line num="20" count="6" type="stmt"/>
      <line num="21" count="6" type="stmt"/>
      <line num="22" count="6" type="stmt"/>
      <line num="26" count="4" type="stmt"/>
      <line num="27" count="4" type="stmt"/>
      <line num="28" count="4" type="stmt"/>
      <line num="30" count="4" type="stmt"/>
      <line num="34" count="1" type="stmt"/>
      <line num="37" count="1" type="stmt"/>
      <line num="44" count="1" type="cond" truecount="2" falsecount="0"/>
    </file>
    <file name="recursion.js" path="D:\code\cs-at-home\data-structures\recursion.js">
      <metrics statements="31" coveredstatements="31" conditionals="18" coveredconditionals="18" methods="3" coveredmethods="3"/>
      <line num="3" count="10" type="cond" truecount="2" falsecount="0"/>
      <line num="4" count="1" type="stmt"/>
      <line num="7" count="9" type="stmt"/>
      <line num="10" count="9" type="stmt"/>
      <line num="13" count="1" type="stmt"/>
      <line num="23" count="196" type="cond" truecount="2" falsecount="0"/>
      <line num="29" count="2" type="stmt"/>
      <line num="33" count="194" type="cond" truecount="2" falsecount="0"/>
      <line num="34" count="60" type="stmt"/>
      <line num="38" count="134" type="cond" truecount="4" falsecount="0"/>
      <line num="39" count="2" type="stmt"/>
      <line num="40" count="2" type="stmt"/>
      <line num="44" count="132" type="cond" truecount="2" falsecount="0"/>
      <line num="45" count="70" type="stmt"/>
      <line num="50" count="62" type="stmt"/>
      <line num="51" count="62" type="stmt"/>
      <line num="53" count="62" type="stmt"/>
      <line num="55" count="194" type="stmt"/>
      <line num="56" count="194" type="cond" truecount="2" falsecount="0"/>
      <line num="69" count="28" type="stmt"/>
      <line num="74" count="34" type="stmt"/>
      <line num="76" count="34" type="stmt"/>
      <line num="80" count="2" type="stmt"/>
      <line num="81" count="2" type="stmt"/>
      <line num="84" count="2" type="stmt"/>
      <line num="85" count="12" type="stmt"/>
      <line num="88" count="2" type="stmt"/>
      <line num="90" count="2" type="stmt"/>
      <line num="93" count="1" type="stmt"/>
      <line num="102" count="1" type="stmt"/>
      <line num="104" count="1" type="stmt"/>
    </file>
  </project>
</coverage>
