{"D:\\code\\cs-at-home\\data-structures\\Queue.js": {"path":"D:\\code\\cs-at-home\\data-structures\\Queue.js","statementMap":{"0":{"start":{"line":3,"column":4},"end":{"line":3,"column":20}},"1":{"start":{"line":7,"column":4},"end":{"line":7,"column":26}},"2":{"start":{"line":11,"column":4},"end":{"line":11,"column":30}},"3":{"start":{"line":15,"column":4},"end":{"line":15,"column":25}},"4":{"start":{"line":19,"column":4},"end":{"line":19,"column":35}},"5":{"start":{"line":23,"column":17},"end":{"line":23,"column":19}},"6":{"start":{"line":24,"column":4},"end":{"line":26,"column":5}},"7":{"start":{"line":25,"column":6},"end":{"line":25,"column":28}},"8":{"start":{"line":28,"column":4},"end":{"line":28,"column":18}},"9":{"start":{"line":32,"column":0},"end":{"line":32,"column":23}}},"fnMap":{"0":{"name":"(anonymous_0)","decl":{"start":{"line":2,"column":2},"end":{"line":2,"column":3}},"loc":{"start":{"line":2,"column":16},"end":{"line":4,"column":3}},"line":2},"1":{"name":"(anonymous_1)","decl":{"start":{"line":6,"column":2},"end":{"line":6,"column":3}},"loc":{"start":{"line":6,"column":16},"end":{"line":8,"column":3}},"line":6},"2":{"name":"(anonymous_2)","decl":{"start":{"line":10,"column":2},"end":{"line":10,"column":3}},"loc":{"start":{"line":10,"column":12},"end":{"line":12,"column":3}},"line":10},"3":{"name":"(anonymous_3)","decl":{"start":{"line":14,"column":2},"end":{"line":14,"column":3}},"loc":{"start":{"line":14,"column":9},"end":{"line":16,"column":3}},"line":14},"4":{"name":"(anonymous_4)","decl":{"start":{"line":18,"column":2},"end":{"line":18,"column":3}},"loc":{"start":{"line":18,"column":12},"end":{"line":20,"column":3}},"line":18},"5":{"name":"(anonymous_5)","decl":{"start":{"line":22,"column":2},"end":{"line":22,"column":3}},"loc":{"start":{"line":22,"column":10},"end":{"line":29,"column":3}},"line":22}},"branchMap":{},"s":{"0":5,"1":9,"2":1,"3":1,"4":1,"5":1,"6":1,"7":3,"8":1,"9":1},"f":{"0":5,"1":9,"2":1,"3":1,"4":1,"5":1},"b":{},"_coverageSchema":"1a1c01bbd47fc00a2c39e90264f33305004495a9","hash":"dfc85cc1b1480ce54ea53aa9f3ee895d92ebbdf6"}
,"D:\\code\\cs-at-home\\data-structures\\Stack.js": {"path":"D:\\code\\cs-at-home\\data-structures\\Stack.js","statementMap":{"0":{"start":{"line":3,"column":4},"end":{"line":3,"column":18}},"1":{"start":{"line":4,"column":4},"end":{"line":4,"column":20}},"2":{"start":{"line":8,"column":4},"end":{"line":8,"column":32}},"3":{"start":{"line":12,"column":4},"end":{"line":12,"column":15}},"4":{"start":{"line":13,"column":4},"end":{"line":13,"column":33}},"5":{"start":{"line":17,"column":19},"end":{"line":17,"column":39}},"6":{"start":{"line":18,"column":4},"end":{"line":18,"column":32}},"7":{"start":{"line":20,"column":4},"end":{"line":20,"column":15}},"8":{"start":{"line":22,"column":4},"end":{"line":22,"column":20}},"9":{"start":{"line":26,"column":0},"end":{"line":26,"column":23}}},"fnMap":{"0":{"name":"(anonymous_0)","decl":{"start":{"line":2,"column":2},"end":{"line":2,"column":3}},"loc":{"start":{"line":2,"column":16},"end":{"line":5,"column":3}},"line":2},"1":{"name":"(anonymous_1)","decl":{"start":{"line":7,"column":2},"end":{"line":7,"column":3}},"loc":{"start":{"line":7,"column":13},"end":{"line":9,"column":3}},"line":7},"2":{"name":"(anonymous_2)","decl":{"start":{"line":11,"column":2},"end":{"line":11,"column":3}},"loc":{"start":{"line":11,"column":14},"end":{"line":14,"column":3}},"line":11},"3":{"name":"(anonymous_3)","decl":{"start":{"line":16,"column":2},"end":{"line":16,"column":3}},"loc":{"start":{"line":16,"column":8},"end":{"line":23,"column":3}},"line":16}},"branchMap":{},"s":{"0":3,"1":3,"2":2,"3":3,"4":3,"5":1,"6":1,"7":1,"8":1,"9":1},"f":{"0":3,"1":2,"2":3,"3":1},"b":{},"_coverageSchema":"1a1c01bbd47fc00a2c39e90264f33305004495a9","hash":"4ca855049329c58b4a13bae223ef01c820fc702a"}
,"D:\\code\\cs-at-home\\data-structures\\recursion.js": {"path":"D:\\code\\cs-at-home\\data-structures\\recursion.js","statementMap":{"0":{"start":{"line":3,"column":2},"end":{"line":5,"column":3}},"1":{"start":{"line":4,"column":4},"end":{"line":4,"column":13}},"2":{"start":{"line":7,"column":12},"end":{"line":7,"column":34}},"3":{"start":{"line":10,"column":2},"end":{"line":10,"column":13}},"4":{"start":{"line":13,"column":12},"end":{"line":18,"column":1}},"5":{"start":{"line":23,"column":2},"end":{"line":30,"column":3}},"6":{"start":{"line":29,"column":4},"end":{"line":29,"column":17}},"7":{"start":{"line":33,"column":2},"end":{"line":35,"column":3}},"8":{"start":{"line":34,"column":4},"end":{"line":34,"column":17}},"9":{"start":{"line":38,"column":2},"end":{"line":41,"column":3}},"10":{"start":{"line":39,"column":4},"end":{"line":39,"column":19}},"11":{"start":{"line":40,"column":4},"end":{"line":40,"column":16}},"12":{"start":{"line":44,"column":2},"end":{"line":46,"column":3}},"13":{"start":{"line":45,"column":4},"end":{"line":45,"column":17}},"14":{"start":{"line":50,"column":2},"end":{"line":50,"column":30}},"15":{"start":{"line":51,"column":2},"end":{"line":51,"column":18}},"16":{"start":{"line":53,"column":2},"end":{"line":71,"column":3}},"17":{"start":{"line":53,"column":15},"end":{"line":53,"column":16}},"18":{"start":{"line":55,"column":19},"end":{"line":55,"column":25}},"19":{"start":{"line":56,"column":4},"end":{"line":70,"column":5}},"20":{"start":{"line":69,"column":6},"end":{"line":69,"column":18}},"21":{"start":{"line":74,"column":2},"end":{"line":74,"column":13}},"22":{"start":{"line":76,"column":2},"end":{"line":76,"column":15}},"23":{"start":{"line":80,"column":15},"end":{"line":80,"column":17}},"24":{"start":{"line":81,"column":15},"end":{"line":81,"column":17}},"25":{"start":{"line":84,"column":2},"end":{"line":86,"column":3}},"26":{"start":{"line":84,"column":15},"end":{"line":84,"column":16}},"27":{"start":{"line":85,"column":4},"end":{"line":85,"column":53}},"28":{"start":{"line":88,"column":2},"end":{"line":88,"column":43}},"29":{"start":{"line":90,"column":2},"end":{"line":90,"column":14}},"30":{"start":{"line":93,"column":13},"end":{"line":100,"column":1}},"31":{"start":{"line":102,"column":0},"end":{"line":102,"column":50}},"32":{"start":{"line":104,"column":0},"end":{"line":107,"column":2}}},"fnMap":{"0":{"name":"recusiveSum","decl":{"start":{"line":1,"column":9},"end":{"line":1,"column":20}},"loc":{"start":{"line":1,"column":24},"end":{"line":11,"column":1}},"line":1},"1":{"name":"walk","decl":{"start":{"line":20,"column":9},"end":{"line":20,"column":13}},"loc":{"start":{"line":20,"column":49},"end":{"line":77,"column":1}},"line":20},"2":{"name":"solve","decl":{"start":{"line":79,"column":9},"end":{"line":79,"column":14}},"loc":{"start":{"line":79,"column":39},"end":{"line":91,"column":1}},"line":79}},"branchMap":{"0":{"loc":{"start":{"line":3,"column":2},"end":{"line":5,"column":3}},"type":"if","locations":[{"start":{"line":3,"column":2},"end":{"line":5,"column":3}},{"start":{},"end":{}}],"line":3},"1":{"loc":{"start":{"line":23,"column":2},"end":{"line":30,"column":3}},"type":"if","locations":[{"start":{"line":23,"column":2},"end":{"line":30,"column":3}},{"start":{},"end":{}}],"line":23},"2":{"loc":{"start":{"line":24,"column":4},"end":{"line":27,"column":25}},"type":"binary-expr","locations":[{"start":{"line":24,"column":4},"end":{"line":24,"column":14}},{"start":{"line":25,"column":4},"end":{"line":25,"column":28}},{"start":{"line":26,"column":4},"end":{"line":26,"column":14}},{"start":{"line":27,"column":4},"end":{"line":27,"column":25}}],"line":24},"3":{"loc":{"start":{"line":33,"column":2},"end":{"line":35,"column":3}},"type":"if","locations":[{"start":{"line":33,"column":2},"end":{"line":35,"column":3}},{"start":{},"end":{}}],"line":33},"4":{"loc":{"start":{"line":38,"column":2},"end":{"line":41,"column":3}},"type":"if","locations":[{"start":{"line":38,"column":2},"end":{"line":41,"column":3}},{"start":{},"end":{}}],"line":38},"5":{"loc":{"start":{"line":38,"column":6},"end":{"line":38,"column":42}},"type":"binary-expr","locations":[{"start":{"line":38,"column":6},"end":{"line":38,"column":22}},{"start":{"line":38,"column":26},"end":{"line":38,"column":42}}],"line":38},"6":{"loc":{"start":{"line":44,"column":2},"end":{"line":46,"column":3}},"type":"if","locations":[{"start":{"line":44,"column":2},"end":{"line":46,"column":3}},{"start":{},"end":{}}],"line":44},"7":{"loc":{"start":{"line":56,"column":4},"end":{"line":70,"column":5}},"type":"if","locations":[{"start":{"line":56,"column":4},"end":{"line":70,"column":5}},{"start":{},"end":{}}],"line":56}},"s":{"0":10,"1":1,"2":9,"3":9,"4":1,"5":196,"6":2,"7":194,"8":60,"9":134,"10":2,"11":2,"12":132,"13":70,"14":62,"15":62,"16":62,"17":62,"18":194,"19":194,"20":28,"21":34,"22":34,"23":2,"24":2,"25":2,"26":2,"27":12,"28":2,"29":2,"30":1,"31":1,"32":1},"f":{"0":10,"1":196,"2":2},"b":{"0":[1,9],"1":[2,194],"2":[196,196,196,194],"3":[60,134],"4":[2,132],"5":[134,20],"6":[70,62],"7":[28,166]},"_coverageSchema":"1a1c01bbd47fc00a2c39e90264f33305004495a9","hash":"1b1e0154aa17019a3386c1edbb0900f743bf32ba"}
}
