TN:
SF:Queue.js
FN:2,(anonymous_0)
FN:6,(anonymous_1)
FN:10,(anonymous_2)
FN:14,(anonymous_3)
FN:18,(anonymous_4)
FN:22,(anonymous_5)
FNF:6
FNH:6
FNDA:5,(anonymous_0)
FNDA:9,(anonymous_1)
FNDA:1,(anonymous_2)
FNDA:1,(anonymous_3)
FNDA:1,(anonymous_4)
FNDA:1,(anonymous_5)
DA:3,5
DA:7,9
DA:11,1
DA:15,1
DA:19,1
DA:23,1
DA:24,1
DA:25,3
DA:28,1
DA:32,1
LF:10
LH:10
BRF:0
BRH:0
end_of_record
TN:
SF:Stack.js
FN:2,(anonymous_0)
FN:7,(anonymous_1)
FN:11,(anonymous_2)
FN:16,(anonymous_3)
FNF:4
FNH:4
FNDA:3,(anonymous_0)
FNDA:2,(anonymous_1)
FNDA:3,(anonymous_2)
FNDA:1,(anonymous_3)
DA:3,3
DA:4,3
DA:8,2
DA:12,3
DA:13,3
DA:17,1
DA:18,1
DA:20,1
DA:22,1
DA:26,1
LF:10
LH:10
BRF:0
BRH:0
end_of_record
TN:
SF:quickSort.js
FN:1,qs
FN:12,partition
FN:33,quickSort
FN:44,oo_cm
FN:44,oo_oo
FN:44,oo_tr
FN:44,oo_ts
FN:44,oo_te
FN:44,oo_al
FN:44,oo_ats
FN:44,oo_ate
FN:44,oo_atr
FNF:12
FNH:5
FNDA:9,qs
FNDA:4,partition
FNDA:1,quickSort
FNDA:1,oo_cm
FNDA:0,oo_oo
FNDA:0,oo_tr
FNDA:0,oo_ts
FNDA:0,oo_te
FNDA:1,oo_al
FNDA:0,oo_ats
FNDA:0,oo_ate
FNDA:0,oo_atr
DA:2,9
DA:3,5
DA:6,4
DA:8,4
DA:9,4
DA:13,4
DA:15,4
DA:17,4
DA:18,11
DA:19,6
DA:20,6
DA:21,6
DA:22,6
DA:26,4
DA:27,4
DA:28,4
DA:30,4
DA:34,1
DA:37,1
DA:44,1
LF:20
LH:20
BRDA:2,0,0,5
BRDA:2,0,1,4
BRDA:18,1,0,6
BRDA:18,1,1,5
BRDA:44,2,0,1
BRDA:44,2,1,1
BRF:6
BRH:6
end_of_record
TN:
SF:recursion.js
FN:1,recusiveSum
FN:20,walk
FN:79,solve
FNF:3
FNH:3
FNDA:10,recusiveSum
FNDA:196,walk
FNDA:2,solve
DA:3,10
DA:4,1
DA:7,9
DA:10,9
DA:13,1
DA:23,196
DA:29,2
DA:33,194
DA:34,60
DA:38,134
DA:39,2
DA:40,2
DA:44,132
DA:45,70
DA:50,62
DA:51,62
DA:53,62
DA:55,194
DA:56,194
DA:69,28
DA:74,34
DA:76,34
DA:80,2
DA:81,2
DA:84,2
DA:85,12
DA:88,2
DA:90,2
DA:93,1
DA:102,1
DA:104,1
LF:31
LH:31
BRDA:3,0,0,1
BRDA:3,0,1,9
BRDA:23,1,0,2
BRDA:23,1,1,194
BRDA:24,2,0,196
BRDA:24,2,1,196
BRDA:24,2,2,196
BRDA:24,2,3,194
BRDA:33,3,0,60
BRDA:33,3,1,134
BRDA:38,4,0,2
BRDA:38,4,1,132
BRDA:38,5,0,134
BRDA:38,5,1,20
BRDA:44,6,0,70
BRDA:44,6,1,62
BRDA:56,7,0,28
BRDA:56,7,1,166
BRF:18
BRH:18
end_of_record
